2019/12/21 17:36:05  [ ::1] Success
2019/12/21 17:36:21  [ ::1] Success
2019/12/21 17:36:27  [ ::1] Camera Successfully Created!
2019/12/21 17:37:24  [ ::1] Camera Successfully Created!
2019/12/21 17:37:44  [ ::1] Success
2019/12/21 17:38:23  [ ::1] Success
2019/12/21 17:38:28  [ ::1] Success
2019/12/21 17:38:38  [ ::1] Camera Successfully Created!
2019/12/21 17:38:43  [ ::1] Camera Successfully Created!
2019/12/21 17:38:45  [ ::1] Camera Successfully Created!
2019/12/21 17:39:05  [ ::1] Camera Successfully Created!
2020/01/08 20:41:57  [ ::1] Returned
2020/01/08 20:43:04  [ ::1] Returned
2020/01/08 20:44:11  [ ::1] Returned
2020/01/08 20:44:39  [ ::1] Returned
2020/01/08 20:45:58  [ ::1] Returned
2020/01/08 20:47:04  [ ::1] Returned
2020/01/08 20:48:01  [ ::1] Returned
2020/01/08 20:48:33  [ ::1] Returned
2020/01/08 20:49:03  [ ::1] Returned
2020/01/08 20:55:09  [ ::1] Returned
2020/01/08 20:55:31  [ ::1] Returned
2020/01/08 20:56:19  [ ::1] Returned
2020/01/08 20:56:59  [ ::1] Returned
2020/01/08 20:57:19  [ ::1] Returned
2020/01/08 20:57:43  [ ::1] Returned
2020/01/08 20:59:01  [ ::1] Returned
2020/01/08 20:59:47  [ ::1] Returned
2020/01/08 21:00:17  [ ::1] Returned
2020/01/08 21:01:21  [ ::1] Returned
2020/01/08 21:01:59  [ ::1] Returned
2020/01/08 21:13:33  [ ::1] Returned
2020/01/08 21:18:14  [ ::1] Returned
2020/01/08 21:22:35  [ ::1] Returned
2020/01/08 21:27:43  [ ::1] Returned
2020/01/08 21:28:50  [ ::1] Unrecognized Face
2020/01/08 21:31:57  [ ::1] Unrecognized Face
2020/01/08 21:33:31  [ ::1] Unrecognized Face
2020/01/08 21:35:01  [ ::1] Unrecognized Face
2020/01/08 21:35:55  [ ::1] Nearest Face
2020/01/08 21:37:48  [ ::1] Nearest Face
2020/01/09 15:08:33  [ ::1] Nearest Face
2020/01/09 15:13:23  [ ::1] Nearest Face
2020/01/09 15:13:53  [ ::1] Nearest Face
2020/01/09 15:23:01  [ ::1] Nearest Face
2020/01/09 15:24:13  [ ::1] Nearest Face
2020/01/09 15:24:39  [ ::1] Nearest Face
2020/01/09 15:25:10  [ ::1] Nearest Face
2020/01/09 15:26:32  [ ::1] Nearest Face
2020/01/09 15:27:24  [ ::1] Nearest Face
2020/01/09 15:27:48  [ 127.0.0.1] Nearest Face
2020/01/09 15:30:49  [ ::1] Nearest Face
2020/01/09 15:31:09  [ ::1] Nearest Face
2020/01/09 15:33:19  [ ::1] Nearest Face
2020/01/09 15:35:56  [ ::1] Nearest Face
2020/01/09 15:36:24  [ ::1] Nearest Face
2020/01/09 15:37:04  [ ::1] Nearest Face
2020/01/09 15:37:34  [ ::1] Nearest Face
2020/01/09 15:37:50  [ ::1] Nearest Face
2020/01/09 15:38:43  [ ::1] Nearest Face
2020/01/09 15:39:01  [ ::1] Nearest Face
2020/01/09 15:40:38  [ ::1] Nearest Face
2020/01/09 15:41:42  [ ::1] Nearest Face
2020/01/09 15:42:32  [ ::1] Nearest Face
2020/01/09 15:42:52  [ ::1] Nearest Face
2020/01/09 15:44:04  [ ::1] Nearest Face
2020/01/09 15:47:04  [ ::1] Nearest Face
2020/01/09 15:48:14  [ 127.0.0.1] Nearest Face
2020/01/09 15:50:08  [ ::1] Nearest Face
2020/01/09 15:53:41  [ ::1] Nearest Face
2020/01/09 15:54:35  [ ::1] Nearest Face
2020/01/09 15:59:30  [ ::1] Nearest Face
2020/01/09 16:01:32  [ ::1] Nearest Face
2020/01/09 16:11:21  [ ::1] Nearest Face
2020/01/09 16:15:28  [ ::1] Nearest Face
2020/01/09 16:30:10  [ ::1] Nearest Face
2020/01/09 16:30:51  [ ::1] Nearest Face
2020/01/09 16:31:31  [ ::1] Nearest Face
2020/01/09 16:31:57  [ ::1] Nearest Face
2020/01/09 16:32:20  [ ::1] Nearest Face
2020/01/09 16:34:36  [ ::1] Nearest Face
